<?xml version="1.0" encoding="UTF-8"?>
<!-- Generated by org.testng.reporters.JUnitReportReporter -->
<testsuite hostname="DESKTOP-F47TKQ1" failures="0" tests="1" name="LoginModule.Asearch" time="37.511" errors="0" timestamp="2022-09-26T14:35:29 IST" skipped="0">
  <testcase classname="LoginModule.Asearch" name="Validate_whether_user_login_with_valid_credentials" time="37.511"/>
  <system-out/>
</testsuite> <!-- LoginModule.Asearch -->
