<?xml version="1.0" encoding="UTF-8"?>
<!-- Generated by org.testng.reporters.JUnitReportReporter -->
<testsuite hostname="DESKTOP-F47TKQ1" failures="0" tests="3" name="LoginModule.TC2" time="5.175" errors="0" timestamp="2022-09-26T12:11:23 IST" skipped="0">
  <testcase classname="LoginModule.TC2" name="enteringInvalideData" time="1.328"/>
  <system-out/>
  <testcase classname="LoginModule.TC2" name="enteringInvalideData" time="1.892"/>
  <system-out/>
  <testcase classname="LoginModule.TC2" name="enteringInvalideData" time="1.955"/>
  <system-out/>
</testsuite> <!-- LoginModule.TC2 -->
