<?xml version="1.0" encoding="UTF-8"?>
<!-- Generated by org.testng.reporters.JUnitReportReporter -->
<testsuite hostname="DESKTOP-F47TKQ1" failures="0" tests="1" name="LoginModule.TC1" time="10.100" errors="0" timestamp="2022-09-24T11:35:44 IST" skipped="0">
  <testcase classname="LoginModule.TC1" name="Validate_whether_user_login_with_valid_credentials" time="10.100"/>
  <system-out/>
</testsuite> <!-- LoginModule.TC1 -->
