<?xml version="1.0" encoding="UTF-8"?>
<!-- Generated by org.testng.reporters.JUnitReportReporter -->
<testsuite hostname="DESKTOP-F47TKQ1" failures="0" tests="1" name="LoginModule.Alogin" time="35.656" errors="0" timestamp="2022-09-26T13:50:50 IST" skipped="0">
  <testcase classname="LoginModule.Alogin" name="Validate_whether_user_login_with_valid_credentials" time="35.656"/>
  <system-out/>
</testsuite> <!-- LoginModule.Alogin -->
