<?xml version="1.0" encoding="UTF-8"?>
<!-- Generated by org.testng.reporters.JUnitReportReporter -->
<testsuite hostname="DESKTOP-F47TKQ1" failures="0" tests="1" name="ExtentReports.demoo" time="1.099" errors="0" timestamp="2022-09-28T13:52:10 IST" skipped="0">
  <testcase classname="ExtentReports.demoo" name="report" time="1.099"/>
  <system-out/>
</testsuite> <!-- ExtentReports.demoo -->
